<?xml version="1.0" encoding="UTF-8"?>
<testsuite xmlns:xsi="http://www.w3.org/2001/XMLSchema-instance" xsi:noNamespaceSchemaLocation="https://maven.apache.org/surefire/maven-surefire-plugin/xsd/surefire-test-report-3.0.xsd" version="3.0" name="com.in28minutes.rest.webservices.restfulwebservices.RestfulWebServicesApplicationTests" time="6.716" tests="1" errors="0" skipped="0" failures="0">
  <properties>
[...]
</properties>
  <testcase name="contextLoads" classname="com.in28minutes.rest.webservices.restfulwebservices.RestfulWebServicesApplicationTests" time="0.427">
    <system-out><![CDATA[15:01:37.579 [main] INFO org.springframework.test.context.support.AnnotationConfigContextLoaderUtils -- Could not detect default configuration classes for test class [com.in28minutes.rest.webservices.restfulwebservices.RestfulWebServicesApplicationTests]: RestfulWebServicesApplicationTests does not declare any static, non-private, non-final, nested classes annotated with @Configuration.
15:01:37.661 [main] INFO org.springframework.boot.test.context.SpringBootTestContextBootstrapper -- Found @SpringBootConfiguration com.in28minutes.rest.webservices.restfulwebservices.RestfulWebServicesApplication for test class com.in28minutes.rest.webservices.restfulwebservices.RestfulWebServicesApplicationTests
15:01:37.813 [main] INFO org.springframework.boot.devtools.restart.RestartApplicationListener -- Restart disabled due to context in which it is running

  .   ____          _            __ _ _
 /\\ / ___'_ __ _ _(_)_ __  __ _ \ \ \ \
( ( )\___ | '_ | '_| | '_ \/ _` | \ \ \ \
 \\/  ___)| |_)| | | | | || (_| |  ) ) ) )
  '  |____| .__|_| |_|_| |_\__, | / / / /
 =========|_|==============|___/=/_/_/_/
 :: Spring Boot ::                (v3.2.1)

2024-02-22T15:01:38.057+07:00  INFO 13620 --- [           main] r.w.r.RestfulWebServicesApplicationTests : Starting RestfulWebServicesApplicationTests using Java 20.0.2 with PID 13620 (started by home in C:\Users\home\Desktop\Deployment\02-rest-api-mysql)
2024-02-22T15:01:38.058+07:00  INFO 13620 --- [           main] r.w.r.RestfulWebServicesApplicationTests : No active profile set, falling back to 1 default profile: "default"
2024-02-22T15:01:39.126+07:00  INFO 13620 --- [           main] .s.d.r.c.RepositoryConfigurationDelegate : Bootstrapping Spring Data JPA repositories in DEFAULT mode.
2024-02-22T15:01:39.181+07:00  INFO 13620 --- [           main] .s.d.r.c.RepositoryConfigurationDelegate : Finished Spring Data repository scanning in 48 ms. Found 2 JPA repository interfaces.
2024-02-22T15:01:39.882+07:00  INFO 13620 --- [           main] o.hibernate.jpa.internal.util.LogHelper  : HHH000204: Processing PersistenceUnitInfo [name: default]
2024-02-22T15:01:39.941+07:00  INFO 13620 --- [           main] org.hibernate.Version                    : HHH000412: Hibernate ORM core version 6.4.1.Final
2024-02-22T15:01:39.974+07:00  INFO 13620 --- [           main] o.h.c.internal.RegionFactoryInitiator    : HHH000026: Second-level cache disabled
2024-02-22T15:01:40.197+07:00  INFO 13620 --- [           main] o.s.o.j.p.SpringPersistenceUnitInfo      : No LoadTimeWeaver setup: ignoring JPA class transformer
2024-02-22T15:01:40.233+07:00  INFO 13620 --- [           main] com.zaxxer.hikari.HikariDataSource       : HikariPool-1 - Starting...
2024-02-22T15:01:40.539+07:00  INFO 13620 --- [           main] com.zaxxer.hikari.pool.HikariPool        : HikariPool-1 - Added connection com.mysql.cj.jdbc.ConnectionImpl@4ac0ed65
2024-02-22T15:01:40.541+07:00  INFO 13620 --- [           main] com.zaxxer.hikari.HikariDataSource       : HikariPool-1 - Start completed.
2024-02-22T15:01:40.596+07:00  WARN 13620 --- [           main] org.hibernate.orm.deprecation            : HHH90000025: MySQLDialect does not need to be specified explicitly using 'hibernate.dialect' (remove the property setting and it will be selected by default)
2024-02-22T15:01:41.455+07:00  INFO 13620 --- [           main] o.h.e.t.j.p.i.JtaPlatformInitiator       : HHH000489: No JTA platform available (set 'hibernate.transaction.jta.platform' to enable JTA platform integration)
2024-02-22T15:01:41.515+07:00  INFO 13620 --- [           main] j.LocalContainerEntityManagerFactoryBean : Initialized JPA EntityManagerFactory for persistence unit 'default'
2024-02-22T15:01:41.942+07:00  WARN 13620 --- [           main] JpaBaseConfiguration$JpaWebConfiguration : spring.jpa.open-in-view is enabled by default. Therefore, database queries may be performed during view rendering. Explicitly configure spring.jpa.open-in-view to disable this warning
2024-02-22T15:01:42.845+07:00  INFO 13620 --- [           main] o.s.b.a.e.web.EndpointLinksResolver      : Exposing 13 endpoint(s) beneath base path '/actuator'
2024-02-22T15:01:42.940+07:00  INFO 13620 --- [           main] o.s.s.web.DefaultSecurityFilterChain     : Will secure any request with [org.springframework.security.web.session.DisableEncodeUrlFilter@21f8aa9c, org.springframework.security.web.context.request.async.WebAsyncManagerIntegrationFilter@7a1587e8, org.springframework.security.web.context.SecurityContextHolderFilter@72e5f018, org.springframework.security.web.header.HeaderWriterFilter@3f8961fc, org.springframework.web.filter.CorsFilter@410c1f44, org.springframework.security.web.authentication.logout.LogoutFilter@497f8a4b, org.springframework.security.web.authentication.www.BasicAuthenticationFilter@2ab91b65, org.springframework.security.web.savedrequest.RequestCacheAwareFilter@5d6d6533, org.springframework.security.web.servletapi.SecurityContextHolderAwareRequestFilter@19266ca3, org.springframework.security.web.authentication.AnonymousAuthenticationFilter@16ef07fa, org.springframework.security.web.access.ExceptionTranslationFilter@145c6e4d, org.springframework.security.web.access.intercept.AuthorizationFilter@23471b2f]
2024-02-22T15:01:43.654+07:00  INFO 13620 --- [           main] r.w.r.RestfulWebServicesApplicationTests : Started RestfulWebServicesApplicationTests in 5.853 seconds (process running for 6.642)
]]></system-out>
  </testcase>
</testsuite>